2014/03/19 22:45:35 [error] [php] Undefined variable: total_price (/var/www/yiishop.local/protected/controllers/OrderController.php:49)
Stack trace:
#0 /var/www/yiishop.local/framework/web/CController.php(286): OrderController->runAction()
#1 /var/www/yiishop.local/framework/web/CController.php(265): OrderController->runActionWithFilters()
#2 /var/www/yiishop.local/framework/web/CWebApplication.php(282): OrderController->run()
#3 /var/www/yiishop.local/framework/web/CWebApplication.php(141): CWebApplication->runController()
#4 /var/www/yiishop.local/framework/base/CApplication.php(180): CWebApplication->processRequest()
#5 /var/www/yiishop.local/index.php(13): CWebApplication->run()
REQUEST_URI=/order
in /var/www/yiishop.local/protected/controllers/OrderController.php (49)
in /var/www/yiishop.local/index.php (13)
2014/03/19 22:45:49 [error] [php] Use of undefined constant choice_of_delivery - assumed 'choice_of_delivery' (/var/www/yiishop.local/protected/views/order/index.php:118)
Stack trace:
#0 /var/www/yiishop.local/framework/web/CController.php(869): OrderController->renderFile()
#1 /var/www/yiishop.local/framework/web/CController.php(782): OrderController->renderPartial()
#2 /var/www/yiishop.local/protected/controllers/OrderController.php(50): OrderController->render()
#3 /var/www/yiishop.local/framework/web/actions/CInlineAction.php(49): OrderController->actionIndex()
#4 /var/www/yiishop.local/framework/web/CController.php(308): CInlineAction->runWithParams()
#5 /var/www/yiishop.local/framework/web/CController.php(286): OrderController->runAction()
#6 /var/www/yiishop.local/framework/web/CController.php(265): OrderController->runActionWithFilters()
#7 /var/www/yiishop.local/framework/web/CWebApplication.php(282): OrderController->run()
#8 /var/www/yiishop.local/framework/web/CWebApplication.php(141): CWebApplication->runController()
#9 /var/www/yiishop.local/framework/base/CApplication.php(180): CWebApplication->processRequest()
#10 /var/www/yiishop.local/index.php(13): CWebApplication->run()
REQUEST_URI=/order
in /var/www/yiishop.local/protected/views/order/index.php (118)
in /var/www/yiishop.local/protected/controllers/OrderController.php (50)
in /var/www/yiishop.local/index.php (13)
2014/03/19 22:46:38 [error] [php] Undefined index: looking (/var/www/yiishop.local/protected/views/layouts/main.php:33)
Stack trace:
#0 /var/www/yiishop.local/framework/web/widgets/CContentDecorator.php(76): OrderController->renderFile()
#1 /var/www/yiishop.local/framework/web/widgets/CContentDecorator.php(54): CContentDecorator->decorate()
#2 /var/www/yiishop.local/framework/web/widgets/COutputProcessor.php(44): CContentDecorator->processOutput()
#3 /var/www/yiishop.local/framework/web/CBaseController.php(206): CContentDecorator->run()
#4 /var/www/yiishop.local/framework/web/CBaseController.php(300): OrderController->endWidget()
#5 /var/www/yiishop.local/protected/views/layouts/column1.php(6): OrderController->endContent()
#6 /var/www/yiishop.local/framework/web/CBaseController.php(126): require()
#7 /var/www/yiishop.local/framework/web/CBaseController.php(95): OrderController->renderInternal()
#8 /var/www/yiishop.local/framework/web/CController.php(784): OrderController->renderFile()
#9 /var/www/yiishop.local/protected/controllers/OrderController.php(50): OrderController->render()
#10 /var/www/yiishop.local/framework/web/actions/CInlineAction.php(49): OrderController->actionIndex()
#11 /var/www/yiishop.local/framework/web/CController.php(308): CInlineAction->runWithParams()
#12 /var/www/yiishop.local/framework/web/CController.php(286): OrderController->runAction()
#13 /var/www/yiishop.local/framework/web/CController.php(265): OrderController->runActionWithFilters()
#14 /var/www/yiishop.local/framework/web/CWebApplication.php(282): OrderController->run()
#15 /var/www/yiishop.local/framework/web/CWebApplication.php(141): CWebApplication->runController()
#16 /var/www/yiishop.local/framework/base/CApplication.php(180): CWebApplication->processRequest()
#17 /var/www/yiishop.local/index.php(13): CWebApplication->run()
REQUEST_URI=/order
in /var/www/yiishop.local/protected/views/layouts/main.php (33)
in /var/www/yiishop.local/protected/views/layouts/column1.php (6)
in /var/www/yiishop.local/protected/controllers/OrderController.php (50)
2014/03/19 22:47:28 [error] [php] Undefined variable: looking (/var/www/yiishop.local/protected/views/layouts/main.php:34)
Stack trace:
#0 /var/www/yiishop.local/framework/web/widgets/CContentDecorator.php(76): OrderController->renderFile()
#1 /var/www/yiishop.local/framework/web/widgets/CContentDecorator.php(54): CContentDecorator->decorate()
#2 /var/www/yiishop.local/framework/web/widgets/COutputProcessor.php(44): CContentDecorator->processOutput()
#3 /var/www/yiishop.local/framework/web/CBaseController.php(206): CContentDecorator->run()
#4 /var/www/yiishop.local/framework/web/CBaseController.php(300): OrderController->endWidget()
#5 /var/www/yiishop.local/protected/views/layouts/column1.php(6): OrderController->endContent()
#6 /var/www/yiishop.local/framework/web/CBaseController.php(126): require()
#7 /var/www/yiishop.local/framework/web/CBaseController.php(95): OrderController->renderInternal()
#8 /var/www/yiishop.local/framework/web/CController.php(784): OrderController->renderFile()
#9 /var/www/yiishop.local/protected/controllers/OrderController.php(50): OrderController->render()
#10 /var/www/yiishop.local/framework/web/actions/CInlineAction.php(49): OrderController->actionIndex()
#11 /var/www/yiishop.local/framework/web/CController.php(308): CInlineAction->runWithParams()
#12 /var/www/yiishop.local/framework/web/CController.php(286): OrderController->runAction()
#13 /var/www/yiishop.local/framework/web/CController.php(265): OrderController->runActionWithFilters()
#14 /var/www/yiishop.local/framework/web/CWebApplication.php(282): OrderController->run()
#15 /var/www/yiishop.local/framework/web/CWebApplication.php(141): CWebApplication->runController()
#16 /var/www/yiishop.local/framework/base/CApplication.php(180): CWebApplication->processRequest()
#17 /var/www/yiishop.local/index.php(13): CWebApplication->run()
REQUEST_URI=/order
in /var/www/yiishop.local/protected/views/layouts/main.php (34)
in /var/www/yiishop.local/protected/views/layouts/column1.php (6)
in /var/www/yiishop.local/protected/controllers/OrderController.php (50)
2014/03/19 22:47:40 [error] [php] Undefined index: looking (/var/www/yiishop.local/protected/views/layouts/main.php:107)
Stack trace:
#0 /var/www/yiishop.local/framework/web/widgets/CContentDecorator.php(76): OrderController->renderFile()
#1 /var/www/yiishop.local/framework/web/widgets/CContentDecorator.php(54): CContentDecorator->decorate()
#2 /var/www/yiishop.local/framework/web/widgets/COutputProcessor.php(44): CContentDecorator->processOutput()
#3 /var/www/yiishop.local/framework/web/CBaseController.php(206): CContentDecorator->run()
#4 /var/www/yiishop.local/framework/web/CBaseController.php(300): OrderController->endWidget()
#5 /var/www/yiishop.local/protected/views/layouts/column1.php(6): OrderController->endContent()
#6 /var/www/yiishop.local/framework/web/CBaseController.php(126): require()
#7 /var/www/yiishop.local/framework/web/CBaseController.php(95): OrderController->renderInternal()
#8 /var/www/yiishop.local/framework/web/CController.php(784): OrderController->renderFile()
#9 /var/www/yiishop.local/protected/controllers/OrderController.php(50): OrderController->render()
#10 /var/www/yiishop.local/framework/web/actions/CInlineAction.php(49): OrderController->actionIndex()
#11 /var/www/yiishop.local/framework/web/CController.php(308): CInlineAction->runWithParams()
#12 /var/www/yiishop.local/framework/web/CController.php(286): OrderController->runAction()
#13 /var/www/yiishop.local/framework/web/CController.php(265): OrderController->runActionWithFilters()
#14 /var/www/yiishop.local/framework/web/CWebApplication.php(282): OrderController->run()
#15 /var/www/yiishop.local/framework/web/CWebApplication.php(141): CWebApplication->runController()
#16 /var/www/yiishop.local/framework/base/CApplication.php(180): CWebApplication->processRequest()
#17 /var/www/yiishop.local/index.php(13): CWebApplication->run()
REQUEST_URI=/order
in /var/www/yiishop.local/protected/views/layouts/main.php (107)
in /var/www/yiishop.local/protected/views/layouts/column1.php (6)
in /var/www/yiishop.local/protected/controllers/OrderController.php (50)
2014/03/19 22:48:01 [error] [php] Undefined index: looking (/var/www/yiishop.local/protected/views/layouts/main.php:107)
Stack trace:
#0 /var/www/yiishop.local/framework/web/widgets/CContentDecorator.php(76): OrderController->renderFile()
#1 /var/www/yiishop.local/framework/web/widgets/CContentDecorator.php(54): CContentDecorator->decorate()
#2 /var/www/yiishop.local/framework/web/widgets/COutputProcessor.php(44): CContentDecorator->processOutput()
#3 /var/www/yiishop.local/framework/web/CBaseController.php(206): CContentDecorator->run()
#4 /var/www/yiishop.local/framework/web/CBaseController.php(300): OrderController->endWidget()
#5 /var/www/yiishop.local/protected/views/layouts/column1.php(6): OrderController->endContent()
#6 /var/www/yiishop.local/framework/web/CBaseController.php(126): require()
#7 /var/www/yiishop.local/framework/web/CBaseController.php(95): OrderController->renderInternal()
#8 /var/www/yiishop.local/framework/web/CController.php(784): OrderController->renderFile()
#9 /var/www/yiishop.local/protected/controllers/OrderController.php(50): OrderController->render()
#10 /var/www/yiishop.local/framework/web/actions/CInlineAction.php(49): OrderController->actionIndex()
#11 /var/www/yiishop.local/framework/web/CController.php(308): CInlineAction->runWithParams()
#12 /var/www/yiishop.local/framework/web/CController.php(286): OrderController->runAction()
#13 /var/www/yiishop.local/framework/web/CController.php(265): OrderController->runActionWithFilters()
#14 /var/www/yiishop.local/framework/web/CWebApplication.php(282): OrderController->run()
#15 /var/www/yiishop.local/framework/web/CWebApplication.php(141): CWebApplication->runController()
#16 /var/www/yiishop.local/framework/base/CApplication.php(180): CWebApplication->processRequest()
#17 /var/www/yiishop.local/index.php(13): CWebApplication->run()
REQUEST_URI=/order
in /var/www/yiishop.local/protected/views/layouts/main.php (107)
in /var/www/yiishop.local/protected/views/layouts/column1.php (6)
in /var/www/yiishop.local/protected/controllers/OrderController.php (50)
